Performing C SOURCE FILE Test HAVE___DECLSPEC_DLLEXPORT_ failed with the following output:
Change Dir: /home/adevabhaktuni/FM-Index-master/FM-Index-master/libdivsufsort/CMakeFiles/CMakeTmp

Run Build Command:/usr/bin/gmake "cmTryCompileExec/fast"
gmake[1]: Entering directory `/home/adevabhaktuni/FM-Index-master/FM-Index-master/libdivsufsort/CMakeFiles/CMakeTmp'
/usr/bin/gmake -f CMakeFiles/cmTryCompileExec.dir/build.make CMakeFiles/cmTryCompileExec.dir/build
gmake[2]: Entering directory `/home/adevabhaktuni/FM-Index-master/FM-Index-master/libdivsufsort/CMakeFiles/CMakeTmp'
/usr/bin/cmake -E cmake_progress_report /home/adevabhaktuni/FM-Index-master/FM-Index-master/libdivsufsort/CMakeFiles/CMakeTmp/CMakeFiles 1
Building C object CMakeFiles/cmTryCompileExec.dir/src.c.o
/usr/bin/gcc   -Wall  -DHAVE___DECLSPEC_DLLEXPORT_   -o CMakeFiles/cmTryCompileExec.dir/src.c.o   -c /home/adevabhaktuni/FM-Index-master/FM-Index-master/libdivsufsort/CMakeFiles/CMakeTmp/src.c
/home/adevabhaktuni/FM-Index-master/FM-Index-master/libdivsufsort/CMakeFiles/CMakeTmp/src.c:1: warning: return type defaults to ‘int’
/home/adevabhaktuni/FM-Index-master/FM-Index-master/libdivsufsort/CMakeFiles/CMakeTmp/src.c: In function ‘__declspec’:
/home/adevabhaktuni/FM-Index-master/FM-Index-master/libdivsufsort/CMakeFiles/CMakeTmp/src.c:1: error: expected ‘=’, ‘,’, ‘;’, ‘asm’ or ‘__attribute__’ before ‘{’ token
/home/adevabhaktuni/FM-Index-master/FM-Index-master/libdivsufsort/CMakeFiles/CMakeTmp/src.c:1: error: expected ‘=’, ‘,’, ‘;’, ‘asm’ or ‘__attribute__’ before ‘{’ token
/home/adevabhaktuni/FM-Index-master/FM-Index-master/libdivsufsort/CMakeFiles/CMakeTmp/src.c:1: error: declaration for parameter ‘func’ but no such parameter
/home/adevabhaktuni/FM-Index-master/FM-Index-master/libdivsufsort/CMakeFiles/CMakeTmp/src.c:1: error: expected ‘{’ at end of input
gmake[2]: *** [CMakeFiles/cmTryCompileExec.dir/src.c.o] Error 1
gmake[2]: Leaving directory `/home/adevabhaktuni/FM-Index-master/FM-Index-master/libdivsufsort/CMakeFiles/CMakeTmp'
gmake[1]: *** [cmTryCompileExec/fast] Error 2
gmake[1]: Leaving directory `/home/adevabhaktuni/FM-Index-master/FM-Index-master/libdivsufsort/CMakeFiles/CMakeTmp'

Source file was:
__declspec(dllexport) void func(); void func() { } int main() { func(); return 0; }
Performing C SOURCE FILE Test HAVE___DECLSPEC_DLLIMPORT_ failed with the following output:
Change Dir: /home/adevabhaktuni/FM-Index-master/FM-Index-master/libdivsufsort/CMakeFiles/CMakeTmp

Run Build Command:/usr/bin/gmake "cmTryCompileExec/fast"
gmake[1]: Entering directory `/home/adevabhaktuni/FM-Index-master/FM-Index-master/libdivsufsort/CMakeFiles/CMakeTmp'
/usr/bin/gmake -f CMakeFiles/cmTryCompileExec.dir/build.make CMakeFiles/cmTryCompileExec.dir/build
gmake[2]: Entering directory `/home/adevabhaktuni/FM-Index-master/FM-Index-master/libdivsufsort/CMakeFiles/CMakeTmp'
/usr/bin/cmake -E cmake_progress_report /home/adevabhaktuni/FM-Index-master/FM-Index-master/libdivsufsort/CMakeFiles/CMakeTmp/CMakeFiles 1
Building C object CMakeFiles/cmTryCompileExec.dir/src.c.o
/usr/bin/gcc   -Wall  -DHAVE___DECLSPEC_DLLIMPORT_   -o CMakeFiles/cmTryCompileExec.dir/src.c.o   -c /home/adevabhaktuni/FM-Index-master/FM-Index-master/libdivsufsort/CMakeFiles/CMakeTmp/src.c
/home/adevabhaktuni/FM-Index-master/FM-Index-master/libdivsufsort/CMakeFiles/CMakeTmp/src.c:1: warning: return type defaults to ‘int’
/home/adevabhaktuni/FM-Index-master/FM-Index-master/libdivsufsort/CMakeFiles/CMakeTmp/src.c: In function ‘__declspec’:
/home/adevabhaktuni/FM-Index-master/FM-Index-master/libdivsufsort/CMakeFiles/CMakeTmp/src.c:1: error: expected ‘=’, ‘,’, ‘;’, ‘asm’ or ‘__attribute__’ before ‘{’ token
/home/adevabhaktuni/FM-Index-master/FM-Index-master/libdivsufsort/CMakeFiles/CMakeTmp/src.c:1: error: expected ‘=’, ‘,’, ‘;’, ‘asm’ or ‘__attribute__’ before ‘{’ token
/home/adevabhaktuni/FM-Index-master/FM-Index-master/libdivsufsort/CMakeFiles/CMakeTmp/src.c:1: error: declaration for parameter ‘func’ but no such parameter
/home/adevabhaktuni/FM-Index-master/FM-Index-master/libdivsufsort/CMakeFiles/CMakeTmp/src.c:1: error: expected ‘{’ at end of input
gmake[2]: Leaving directory `/home/adevabhaktuni/FM-Index-master/FM-Index-master/libdivsufsort/CMakeFiles/CMakeTmp'
gmake[2]: *** [CMakeFiles/cmTryCompileExec.dir/src.c.o] Error 1
gmake[1]: *** [cmTryCompileExec/fast] Error 2
gmake[1]: Leaving directory `/home/adevabhaktuni/FM-Index-master/FM-Index-master/libdivsufsort/CMakeFiles/CMakeTmp'

Source file was:
__declspec(dllimport) void func(); void func() { } int main() { func(); return 0; }
